<?xml version="1.0" encoding="UTF-8"?>
<!-- Generated by org.testng.reporters.JUnitReportReporter -->
<testsuite skipped="0" hostname="Windows-PC" name="MavenDemoTest.MavenDemoTest.testclass" tests="2" failures="0" timestamp="14 Jul 2020 08:27:10 GMT" time="25.442" errors="0">
  <testcase name="displyy" time="25.437" classname="MavenDemoTest.MavenDemoTest.testclass"/>
  <testcase name="print" time="0.005" classname="MavenDemoTest.MavenDemoTest.testclass"/>
</testsuite> <!-- MavenDemoTest.MavenDemoTest.testclass -->
